<?xml version="1.0" encoding="UTF-8"?>
<testng-results ignored="0" total="1" passed="1" failed="0" skipped="0">
  <reporter-output>
  </reporter-output>
  <suite started-at="2026-08-22T20:51:45 IST" name="Default suite" finished-at="2026-08-22T20:52:06 IST" duration-ms="20320">
    <groups>
    </groups>
    <test started-at="2026-08-22T20:51:45 IST" name="Default test" finished-at="2026-08-22T20:52:06 IST" duration-ms="20320">
      <class name="tests.LoginPageTest">
        <test-method is-config="true" signature="setUp()[pri:0, instance:tests.LoginPageTest@62727399]" started-at="2026-08-22T20:51:45 IST" name="setUp" finished-at="2026-08-22T20:51:48 IST" duration-ms="2706" status="PASS">
          <reporter-output>
          </reporter-output>
        </test-method> <!-- setUp -->
        <test-method signature="verifyLoginPageTest()[pri:0, instance:tests.LoginPageTest@62727399]" started-at="2026-08-22T20:51:48 IST" name="verifyLoginPageTest" finished-at="2026-08-22T20:52:06 IST" duration-ms="17578" status="PASS">
          <reporter-output>
          </reporter-output>
        </test-method> <!-- verifyLoginPageTest -->
      </class> <!-- tests.LoginPageTest -->
    </test> <!-- Default test -->
  </suite> <!-- Default suite -->
</testng-results>
